<?xml version="1.0" encoding="utf-8"?><testsuites name="pytest tests"><testsuite name="pytest" errors="0" failures="0" skipped="0" tests="16" time="6.092" timestamp="2025-09-29T16:27:18.217766-07:00" hostname="Nokia-1396.local"><testcase classname="tests.unit.agents.test_data_expert.TestDataExpertCore" name="test_agent_creation_succeeds" time="0.264" /><testcase classname="tests.unit.agents.test_data_expert.TestDataExpertCore" name="test_agent_has_graph_structure" time="0.058" /><testcase classname="tests.unit.agents.test_data_expert.TestDataExpertCore" name="test_agent_with_callback_handler" time="0.059" /><testcase classname="tests.unit.agents.test_data_expert.TestServiceIntegration" name="test_geo_service_integration" time="0.058" /><testcase classname="tests.unit.agents.test_data_expert.TestServiceIntegration" name="test_concatenation_service_integration" time="0.067" /><testcase classname="tests.unit.agents.test_data_expert.TestServiceIntegration" name="test_data_expert_assistant_integration" time="0.057" /><testcase classname="tests.unit.agents.test_data_expert.TestAgentConfiguration" name="test_agent_with_custom_name" time="0.055" /><testcase classname="tests.unit.agents.test_data_expert.TestAgentConfiguration" name="test_agent_with_handoff_tools" time="0.057" /><testcase classname="tests.unit.agents.test_data_expert.TestAgentConfiguration" name="test_agent_with_all_options" time="0.058" /><testcase classname="tests.unit.agents.test_data_expert.TestDataManagerIntegration" name="test_agent_with_empty_modalities" time="0.055" /><testcase classname="tests.unit.agents.test_data_expert.TestDataManagerIntegration" name="test_agent_with_available_modalities" time="0.058" /><testcase classname="tests.unit.agents.test_data_expert.TestDataManagerIntegration" name="test_modality_operations" time="0.151" /><testcase classname="tests.unit.agents.test_data_expert.TestDataExpertErrorHandling" name="test_agent_creation_minimal_config" time="0.058" /><testcase classname="tests.unit.agents.test_data_expert.TestDataExpertErrorHandling" name="test_data_manager_edge_cases" time="0.058" /><testcase classname="tests.unit.agents.test_data_expert.TestDataExpertErrorHandling" name="test_metadata_store_operations" time="0.054" /><testcase classname="tests.unit.agents.test_data_expert.TestWorkspaceRestoration" name="test_agent_with_workspace_restoration" time="0.058" /></testsuite></testsuites>